<?xml version="1.0" encoding="UTF-8"?>
<!-- Generated by org.testng.reporters.JUnitReportReporter -->
<testsuite skipped="0" hostname="atulverma" name="appTest" tests="1" failures="0" timestamp="11 Mar 2019 13:09:04 GMT" time="0.010" errors="0">
  <testcase name="test" time="0.010" classname="appTest"/>
</testsuite> <!-- appTest -->
